<?xml version="1.0" encoding="UTF-8"?>
<testsuite name="com.BankSystem.UserService.UserServiceApplicationTests" tests="1" skipped="0" failures="0" errors="0" timestamp="2025-04-03T16:50:26" hostname="baehyeonhoui-noteubug.local" time="0.453">
  <properties/>
  <testcase name="contextLoads()" classname="com.BankSystem.UserService.UserServiceApplicationTests" time="0.453"/>
  <system-out><![CDATA[01:50:25.439 [Test worker] INFO org.springframework.test.context.support.AnnotationConfigContextLoaderUtils -- Could not detect default configuration classes for test class [com.BankSystem.UserService.UserServiceApplicationTests]: UserServiceApplicationTests does not declare any static, non-private, non-final, nested classes annotated with @Configuration.
01:50:25.493 [Test worker] INFO org.springframework.boot.test.context.SpringBootTestContextBootstrapper -- Found @SpringBootConfiguration com.BankSystem.UserService.UserServiceApplication for test class com.BankSystem.UserService.UserServiceApplicationTests

  .   ____          _            __ _ _
 /\\ / ___'_ __ _ _(_)_ __  __ _ \ \ \ \
( ( )\___ | '_ | '_| | '_ \/ _` | \ \ \ \
 \\/  ___)| |_)| | | | | || (_| |  ) ) ) )
  '  |____| .__|_| |_|_| |_\__, | / / / /
 =========|_|==============|___/=/_/_/_/

 :: Spring Boot ::                (v3.4.4)

2025-04-04T01:50:25.702+09:00  INFO 86269 --- [UserService] [    Test worker] c.B.U.UserServiceApplicationTests        : Starting UserServiceApplicationTests using Java 17.0.10 with PID 86269 (started by baehyeonho in /Users/baehyeonho/Documents/Github/BankSystem/UserService)
2025-04-04T01:50:25.703+09:00  INFO 86269 --- [UserService] [    Test worker] c.B.U.UserServiceApplicationTests        : No active profile set, falling back to 1 default profile: "default"
2025-04-04T01:50:26.245+09:00  INFO 86269 --- [UserService] [    Test worker] c.B.U.UserServiceApplicationTests        : Started UserServiceApplicationTests in 0.679 seconds (process running for 1.231)
]]></system-out>
  <system-err><![CDATA[]]></system-err>
</testsuite>
