<?xml version="1.0" encoding="UTF-8"?>
<testsuite name="com.BankSystem.UserService.service.UserServiceTest" tests="2" skipped="0" failures="0" errors="0" timestamp="2025-04-07T16:34:17" hostname="baehyeonhoui-noteubug.local" time="0.205">
  <properties/>
  <testcase name="joinTest()" classname="com.BankSystem.UserService.service.UserServiceTest" time="0.131"/>
  <testcase name="getUserTest()" classname="com.BankSystem.UserService.service.UserServiceTest" time="0.072"/>
  <system-out><![CDATA[]]></system-out>
  <system-err><![CDATA[]]></system-err>
</testsuite>
