<?xml version="1.0" encoding="UTF-8"?>
<testsuite name="com.BankSystem.UserService.controller.UserControllerTest" tests="2" skipped="0" failures="0" errors="0" timestamp="2025-04-07T16:35:01" hostname="baehyeonhoui-noteubug.local" time="0.565">
  <properties/>
  <testcase name="POST join - 유저 등록 성공()" classname="com.BankSystem.UserService.controller.UserControllerTest" time="0.473"/>
  <testcase name="GET user - 유저 조회 성공()" classname="com.BankSystem.UserService.controller.UserControllerTest" time="0.091"/>
  <system-out><![CDATA[01:34:59.574 [Test worker] INFO org.springframework.test.context.support.AnnotationConfigContextLoaderUtils -- Could not detect default configuration classes for test class [com.BankSystem.UserService.controller.UserControllerTest]: UserControllerTest does not declare any static, non-private, non-final, nested classes annotated with @Configuration.
01:34:59.645 [Test worker] INFO org.springframework.boot.test.context.SpringBootTestContextBootstrapper -- Found @SpringBootConfiguration com.BankSystem.UserService.UserServiceApplication for test class com.BankSystem.UserService.controller.UserControllerTest

  .   ____          _            __ _ _
 /\\ / ___'_ __ _ _(_)_ __  __ _ \ \ \ \
( ( )\___ | '_ | '_| | '_ \/ _` | \ \ \ \
 \\/  ___)| |_)| | | | | || (_| |  ) ) ) )
  '  |____| .__|_| |_|_| |_\__, | / / / /
 =========|_|==============|___/=/_/_/_/

 :: Spring Boot ::                (v3.4.4)

2025-04-08T01:34:59.855+09:00  INFO 28895 --- [UserService] [    Test worker] c.B.U.controller.UserControllerTest      : Starting UserControllerTest using Java 17.0.10 with PID 28895 (started by baehyeonho in /Users/baehyeonho/Documents/Github/BankSystem/UserService)
2025-04-08T01:34:59.855+09:00  INFO 28895 --- [UserService] [    Test worker] c.B.U.controller.UserControllerTest      : The following 1 profile is active: "test"
2025-04-08T01:35:00.139+09:00  INFO 28895 --- [UserService] [    Test worker] .s.d.r.c.RepositoryConfigurationDelegate : Bootstrapping Spring Data JPA repositories in DEFAULT mode.
2025-04-08T01:35:00.165+09:00  INFO 28895 --- [UserService] [    Test worker] .s.d.r.c.RepositoryConfigurationDelegate : Finished Spring Data repository scanning in 22 ms. Found 1 JPA repository interface.
2025-04-08T01:35:00.323+09:00  INFO 28895 --- [UserService] [    Test worker] o.hibernate.jpa.internal.util.LogHelper  : HHH000204: Processing PersistenceUnitInfo [name: default]
2025-04-08T01:35:00.347+09:00  INFO 28895 --- [UserService] [    Test worker] org.hibernate.Version                    : HHH000412: Hibernate ORM core version 6.6.11.Final
2025-04-08T01:35:00.361+09:00  INFO 28895 --- [UserService] [    Test worker] o.h.c.internal.RegionFactoryInitiator    : HHH000026: Second-level cache disabled
2025-04-08T01:35:00.479+09:00  INFO 28895 --- [UserService] [    Test worker] o.s.o.j.p.SpringPersistenceUnitInfo      : No LoadTimeWeaver setup: ignoring JPA class transformer
2025-04-08T01:35:00.492+09:00  INFO 28895 --- [UserService] [    Test worker] com.zaxxer.hikari.HikariDataSource       : HikariPool-1 - Starting...
2025-04-08T01:35:00.581+09:00  INFO 28895 --- [UserService] [    Test worker] com.zaxxer.hikari.pool.HikariPool        : HikariPool-1 - Added connection conn0: url=jdbc:h2:mem:testdb user=SA
2025-04-08T01:35:00.582+09:00  INFO 28895 --- [UserService] [    Test worker] com.zaxxer.hikari.HikariDataSource       : HikariPool-1 - Start completed.
2025-04-08T01:35:00.593+09:00  WARN 28895 --- [UserService] [    Test worker] org.hibernate.orm.deprecation            : HHH90000025: H2Dialect does not need to be specified explicitly using 'hibernate.dialect' (remove the property setting and it will be selected by default)
2025-04-08T01:35:00.606+09:00  INFO 28895 --- [UserService] [    Test worker] org.hibernate.orm.connections.pooling    : HHH10001005: Database info:
	Database JDBC URL [Connecting through datasource 'HikariDataSource (HikariPool-1)']
	Database driver: undefined/unknown
	Database version: 2.3.232
	Autocommit mode: undefined/unknown
	Isolation level: undefined/unknown
	Minimum pool size: undefined/unknown
	Maximum pool size: undefined/unknown
2025-04-08T01:35:00.827+09:00  INFO 28895 --- [UserService] [    Test worker] o.h.m.i.EntityInstantiatorPojoStandard   : HHH000182: No default (no-argument) constructor for class: com.BankSystem.UserService.domain.entity.User (class must be instantiated by Interceptor)
2025-04-08T01:35:00.896+09:00  INFO 28895 --- [UserService] [    Test worker] o.h.e.t.j.p.i.JtaPlatformInitiator       : HHH000489: No JTA platform available (set 'hibernate.transaction.jta.platform' to enable JTA platform integration)
2025-04-08T01:35:00.927+09:00  INFO 28895 --- [UserService] [    Test worker] j.LocalContainerEntityManagerFactoryBean : Initialized JPA EntityManagerFactory for persistence unit 'default'
2025-04-08T01:35:01.245+09:00  WARN 28895 --- [UserService] [    Test worker] JpaBaseConfiguration$JpaWebConfiguration : spring.jpa.open-in-view is enabled by default. Therefore, database queries may be performed during view rendering. Explicitly configure spring.jpa.open-in-view to disable this warning
2025-04-08T01:35:01.425+09:00  INFO 28895 --- [UserService] [    Test worker] o.s.b.t.m.w.SpringBootMockServletContext : Initializing Spring TestDispatcherServlet ''
2025-04-08T01:35:01.425+09:00  INFO 28895 --- [UserService] [    Test worker] o.s.t.web.servlet.TestDispatcherServlet  : Initializing Servlet ''
2025-04-08T01:35:01.426+09:00  INFO 28895 --- [UserService] [    Test worker] o.s.t.web.servlet.TestDispatcherServlet  : Completed initialization in 1 ms
2025-04-08T01:35:01.444+09:00  INFO 28895 --- [UserService] [    Test worker] c.B.U.controller.UserControllerTest      : Started UserControllerTest in 1.729 seconds (process running for 2.263)
]]></system-out>
  <system-err><![CDATA[]]></system-err>
</testsuite>
